<?xml version="1.0" encoding="UTF-8"?>
<testng-results skipped="0" failed="0" ignored="0" total="3" passed="3">
  <reporter-output>
  </reporter-output>
  <suite name="Suite" duration-ms="20830" started-at="2020-11-24T13:30:58 IST" finished-at="2020-11-24T13:31:19 IST">
    <groups>
    </groups>
    <test name="Test1" duration-ms="17853" started-at="2020-11-24T13:30:58 IST" finished-at="2020-11-24T13:31:16 IST">
      <class name="seleniumgrid.SeleniumGridParallelParameters">
        <test-method status="PASS" signature="method1(java.lang.String, java.lang.String)[pri:1, instance:seleniumgrid.SeleniumGridParallelParameters@53f65459]" name="method1" duration-ms="17795" started-at="2020-11-24T13:30:58 IST" finished-at="2020-11-24T13:31:16 IST">
          <params>
            <param index="0">
              <value>
                <![CDATA[http://192.168.1.7:5555/wd/hub]]>
              </value>
            </param>
            <param index="1">
              <value>
                <![CDATA[http://www.facebook.com]]>
              </value>
            </param>
          </params>
          <reporter-output>
          </reporter-output>
        </test-method> <!-- method1 -->
      </class> <!-- seleniumgrid.SeleniumGridParallelParameters -->
    </test> <!-- Test1 -->
    <test name="Test2" duration-ms="18187" started-at="2020-11-24T13:30:58 IST" finished-at="2020-11-24T13:31:16 IST">
      <class name="seleniumgrid.SeleniumGridParallelParameters">
        <test-method status="PASS" signature="method1(java.lang.String, java.lang.String)[pri:1, instance:seleniumgrid.SeleniumGridParallelParameters@78e67e0a]" name="method1" duration-ms="18135" started-at="2020-11-24T13:30:58 IST" finished-at="2020-11-24T13:31:16 IST">
          <params>
            <param index="0">
              <value>
                <![CDATA[http://192.168.1.7:6666/wd/hub]]>
              </value>
            </param>
            <param index="1">
              <value>
                <![CDATA[http://www.flipkart.com]]>
              </value>
            </param>
          </params>
          <reporter-output>
          </reporter-output>
        </test-method> <!-- method1 -->
      </class> <!-- seleniumgrid.SeleniumGridParallelParameters -->
    </test> <!-- Test2 -->
    <test name="Test3" duration-ms="20830" started-at="2020-11-24T13:30:58 IST" finished-at="2020-11-24T13:31:19 IST">
      <class name="seleniumgrid.SeleniumGridParallelParameters">
        <test-method status="PASS" signature="method1(java.lang.String, java.lang.String)[pri:1, instance:seleniumgrid.SeleniumGridParallelParameters@480bdb19]" name="method1" duration-ms="20778" started-at="2020-11-24T13:30:58 IST" finished-at="2020-11-24T13:31:19 IST">
          <params>
            <param index="0">
              <value>
                <![CDATA[http://192.168.1.7:7777/wd/hub]]>
              </value>
            </param>
            <param index="1">
              <value>
                <![CDATA[http://www.amazon.in]]>
              </value>
            </param>
          </params>
          <reporter-output>
          </reporter-output>
        </test-method> <!-- method1 -->
      </class> <!-- seleniumgrid.SeleniumGridParallelParameters -->
    </test> <!-- Test3 -->
  </suite> <!-- Suite -->
</testng-results>
